{"obj": {"type": "AssignString", "path": ["sys", "name"], "value": "Untitled"}, "version": 1}
{"obj": {"type": "AssignString", "path": ["sys", "description"], "value": ""}, "version": 2}
{"obj": {"type": "AssignString", "path": ["sys", "hostname"], "value": "ajay-MS-7850"}, "version": 3}
{"obj": {"type": "AssignBool", "path": ["sys", "failed"], "value": false}, "version": 4}
{"obj": {"type": "ClearStringLog", "path": ["monitoring", "stdout"]}, "version": 5}
{"obj": {"type": "ClearStringLog", "path": ["monitoring", "stderr"]}, "version": 6}
{"obj": {"type": "AssignString", "path": ["source_code", "entrypoint"], "value": "peat_trainer.py"}, "version": 7}
{"obj": {"type": "UploadFileSet", "path": ["source_code", "files"], "file_globs": ["/home/ajay/Documents/smartbog_imgseg/peat_trainer.py"], "reset": "False"}, "version": 8}
{"obj": {"type": "ConfigFloatSeries", "path": ["monitoring", "cpu"], "min": 0.0, "max": 100.0, "unit": "%"}, "version": 9}
{"obj": {"type": "ClearFloatLog", "path": ["monitoring", "cpu"]}, "version": 10}
{"obj": {"type": "ConfigFloatSeries", "path": ["monitoring", "memory"], "min": 0.0, "max": 31.22173309326172, "unit": "GB"}, "version": 11}
{"obj": {"type": "ClearFloatLog", "path": ["monitoring", "memory"]}, "version": 12}
{"obj": {"type": "ConfigFloatSeries", "path": ["monitoring", "gpu"], "min": 0.0, "max": 100.0, "unit": "%"}, "version": 13}
{"obj": {"type": "ClearFloatLog", "path": ["monitoring", "gpu"]}, "version": 14}
{"obj": {"type": "ConfigFloatSeries", "path": ["monitoring", "gpu_memory"], "min": 0.0, "max": 11.91021728515625, "unit": "GB"}, "version": 15}
{"obj": {"type": "ClearFloatLog", "path": ["monitoring", "gpu_memory"]}, "version": 16}
{"obj": {"type": "LogFloats", "path": ["monitoring", "cpu"], "values": [{"value": 8.5, "step": null, "ts": 1657721251.76628}]}, "version": 17}
{"obj": {"type": "LogFloats", "path": ["monitoring", "memory"], "values": [{"value": 6.0641632080078125, "step": null, "ts": 1657721251.76628}]}, "version": 18}
{"obj": {"type": "LogFloats", "path": ["monitoring", "gpu_memory"], "values": [{"value": 0.66522216796875, "step": null, "ts": 1657721251.76628}]}, "version": 19}
{"obj": {"type": "LogStrings", "path": ["monitoring", "stdout"], "values": [{"value": "> /home/ajay/Documents/smartbog_imgseg/peat_trainer.py(28)<module>()\n-> train_dataloader = DataLoader(train_dataset, batch_size=16, shuffle=True, num_workers=8, drop_last=True)", "step": null, "ts": 1657721251.803237}]}, "version": 20}
{"obj": {"type": "LogStrings", "path": ["monitoring", "stdout"], "values": [{"value": "\n", "step": null, "ts": 1657721251.8033733}]}, "version": 21}
{"obj": {"type": "LogFloats", "path": ["monitoring", "cpu"], "values": [{"value": 1.1, "step": null, "ts": 1657721261.7725406}]}, "version": 22}
{"obj": {"type": "LogFloats", "path": ["monitoring", "memory"], "values": [{"value": 6.064605712890625, "step": null, "ts": 1657721261.7725406}]}, "version": 23}
{"obj": {"type": "LogFloats", "path": ["monitoring", "gpu_memory"], "values": [{"value": 0.66522216796875, "step": null, "ts": 1657721261.7725406}]}, "version": 24}
{"obj": {"type": "LogFloats", "path": ["monitoring", "cpu"], "values": [{"value": 1.3, "step": null, "ts": 1657721271.7742984}]}, "version": 25}
{"obj": {"type": "LogFloats", "path": ["monitoring", "memory"], "values": [{"value": 6.060718536376953, "step": null, "ts": 1657721271.7742984}]}, "version": 26}
{"obj": {"type": "LogFloats", "path": ["monitoring", "gpu_memory"], "values": [{"value": 0.66522216796875, "step": null, "ts": 1657721271.7742984}]}, "version": 27}
{"obj": {"type": "LogStrings", "path": ["monitoring", "stdout"], "values": [{"value": "6770", "step": null, "ts": 1657721273.9482641}]}, "version": 28}
{"obj": {"type": "LogStrings", "path": ["monitoring", "stdout"], "values": [{"value": "\n", "step": null, "ts": 1657721273.948689}]}, "version": 29}
{"obj": {"type": "LogFloats", "path": ["monitoring", "cpu"], "values": [{"value": 1.1, "step": null, "ts": 1657721281.776676}]}, "version": 30}
{"obj": {"type": "LogFloats", "path": ["monitoring", "memory"], "values": [{"value": 6.062229156494141, "step": null, "ts": 1657721281.776676}]}, "version": 31}
{"obj": {"type": "LogFloats", "path": ["monitoring", "gpu_memory"], "values": [{"value": 0.66522216796875, "step": null, "ts": 1657721281.776676}]}, "version": 32}
{"obj": {"type": "LogFloats", "path": ["monitoring", "cpu"], "values": [{"value": 2.2, "step": null, "ts": 1657721291.7786183}]}, "version": 33}
{"obj": {"type": "LogFloats", "path": ["monitoring", "memory"], "values": [{"value": 6.078460693359375, "step": null, "ts": 1657721291.7786183}]}, "version": 34}
{"obj": {"type": "LogFloats", "path": ["monitoring", "gpu_memory"], "values": [{"value": 0.68536376953125, "step": null, "ts": 1657721291.7786183}]}, "version": 35}
{"obj": {"type": "LogFloats", "path": ["monitoring", "cpu"], "values": [{"value": 1.9, "step": null, "ts": 1657721301.7813187}]}, "version": 36}
{"obj": {"type": "LogFloats", "path": ["monitoring", "memory"], "values": [{"value": 6.068973541259766, "step": null, "ts": 1657721301.7813187}]}, "version": 37}
{"obj": {"type": "LogFloats", "path": ["monitoring", "gpu"], "values": [{"value": 3.0, "step": null, "ts": 1657721301.7813187}]}, "version": 38}
{"obj": {"type": "LogFloats", "path": ["monitoring", "gpu_memory"], "values": [{"value": 0.74005126953125, "step": null, "ts": 1657721301.7813187}]}, "version": 39}
{"obj": {"type": "LogFloats", "path": ["monitoring", "cpu"], "values": [{"value": 4.4, "step": null, "ts": 1657721311.7843287}]}, "version": 40}
{"obj": {"type": "LogFloats", "path": ["monitoring", "memory"], "values": [{"value": 6.074245452880859, "step": null, "ts": 1657721311.7843287}]}, "version": 41}
{"obj": {"type": "LogFloats", "path": ["monitoring", "gpu"], "values": [{"value": 9.0, "step": null, "ts": 1657721311.7843287}]}, "version": 42}
{"obj": {"type": "LogFloats", "path": ["monitoring", "gpu_memory"], "values": [{"value": 0.68194580078125, "step": null, "ts": 1657721311.7843287}]}, "version": 43}
{"obj": {"type": "LogFloats", "path": ["monitoring", "cpu"], "values": [{"value": 4.1, "step": null, "ts": 1657721321.787337}]}, "version": 44}
{"obj": {"type": "LogFloats", "path": ["monitoring", "memory"], "values": [{"value": 6.07415771484375, "step": null, "ts": 1657721321.787337}]}, "version": 45}
{"obj": {"type": "LogFloats", "path": ["monitoring", "gpu"], "values": [{"value": 1.0, "step": null, "ts": 1657721321.787337}]}, "version": 46}
{"obj": {"type": "LogFloats", "path": ["monitoring", "gpu_memory"], "values": [{"value": 0.67608642578125, "step": null, "ts": 1657721321.787337}]}, "version": 47}
{"obj": {"type": "LogFloats", "path": ["monitoring", "cpu"], "values": [{"value": 5.8, "step": null, "ts": 1657721331.7893486}]}, "version": 48}
{"obj": {"type": "LogFloats", "path": ["monitoring", "memory"], "values": [{"value": 6.072154998779297, "step": null, "ts": 1657721331.7893486}]}, "version": 49}
{"obj": {"type": "LogFloats", "path": ["monitoring", "gpu_memory"], "values": [{"value": 0.67816162109375, "step": null, "ts": 1657721331.7893486}]}, "version": 50}
{"obj": {"type": "LogStrings", "path": ["monitoring", "stdout"], "values": [{"value": "***", "step": null, "ts": 1657721334.0437403}]}, "version": 51}
{"obj": {"type": "LogStrings", "path": ["monitoring", "stdout"], "values": [{"value": " ", "step": null, "ts": 1657721334.043857}]}, "version": 52}
{"obj": {"type": "LogStrings", "path": ["monitoring", "stdout"], "values": [{"value": "ModuleNotFoundError: No module named 'sklearn'", "step": null, "ts": 1657721334.0439186}]}, "version": 53}
{"obj": {"type": "LogStrings", "path": ["monitoring", "stdout"], "values": [{"value": "\n", "step": null, "ts": 1657721334.0439909}]}, "version": 54}
{"obj": {"type": "LogFloats", "path": ["monitoring", "cpu"], "values": [{"value": 1.7, "step": null, "ts": 1657721341.7917643}]}, "version": 55}
{"obj": {"type": "LogFloats", "path": ["monitoring", "memory"], "values": [{"value": 6.065120697021484, "step": null, "ts": 1657721341.7917643}]}, "version": 56}
{"obj": {"type": "LogFloats", "path": ["monitoring", "gpu_memory"], "values": [{"value": 0.6741943359375, "step": null, "ts": 1657721341.7917643}]}, "version": 57}
{"obj": {"type": "LogFloats", "path": ["monitoring", "cpu"], "values": [{"value": 7.8, "step": null, "ts": 1657721351.7943418}]}, "version": 58}
{"obj": {"type": "LogFloats", "path": ["monitoring", "memory"], "values": [{"value": 6.161167144775391, "step": null, "ts": 1657721351.7943418}]}, "version": 59}
{"obj": {"type": "LogFloats", "path": ["monitoring", "gpu"], "values": [{"value": 16.0, "step": null, "ts": 1657721351.7943418}]}, "version": 60}
{"obj": {"type": "LogFloats", "path": ["monitoring", "gpu_memory"], "values": [{"value": 0.59393310546875, "step": null, "ts": 1657721351.7943418}]}, "version": 61}
{"obj": {"type": "LogFloats", "path": ["monitoring", "cpu"], "values": [{"value": 6.3, "step": null, "ts": 1657721361.7956066}]}, "version": 62}
{"obj": {"type": "LogFloats", "path": ["monitoring", "memory"], "values": [{"value": 6.136848449707031, "step": null, "ts": 1657721361.7956066}]}, "version": 63}
{"obj": {"type": "LogFloats", "path": ["monitoring", "gpu_memory"], "values": [{"value": 0.5887451171875, "step": null, "ts": 1657721361.7956066}]}, "version": 64}
{"obj": {"type": "LogFloats", "path": ["monitoring", "cpu"], "values": [{"value": 6.5, "step": null, "ts": 1657721371.7982354}]}, "version": 65}
{"obj": {"type": "LogFloats", "path": ["monitoring", "memory"], "values": [{"value": 6.183673858642578, "step": null, "ts": 1657721371.7982354}]}, "version": 66}
{"obj": {"type": "LogFloats", "path": ["monitoring", "gpu_memory"], "values": [{"value": 0.584716796875, "step": null, "ts": 1657721371.7982354}]}, "version": 67}
{"obj": {"type": "LogFloats", "path": ["monitoring", "cpu"], "values": [{"value": 19.9, "step": null, "ts": 1657721381.7995906}]}, "version": 68}
{"obj": {"type": "LogFloats", "path": ["monitoring", "memory"], "values": [{"value": 6.397651672363281, "step": null, "ts": 1657721381.7995906}]}, "version": 69}
{"obj": {"type": "LogFloats", "path": ["monitoring", "gpu"], "values": [{"value": 31.0, "step": null, "ts": 1657721381.7995906}]}, "version": 70}
{"obj": {"type": "LogFloats", "path": ["monitoring", "gpu_memory"], "values": [{"value": 0.772705078125, "step": null, "ts": 1657721381.7995906}]}, "version": 71}
{"obj": {"type": "LogFloats", "path": ["monitoring", "cpu"], "values": [{"value": 5.8, "step": null, "ts": 1657721391.8010774}]}, "version": 72}
{"obj": {"type": "LogFloats", "path": ["monitoring", "memory"], "values": [{"value": 6.224967956542969, "step": null, "ts": 1657721391.8010774}]}, "version": 73}
{"obj": {"type": "LogFloats", "path": ["monitoring", "gpu"], "values": [{"value": 2.0, "step": null, "ts": 1657721391.8010774}]}, "version": 74}
{"obj": {"type": "LogFloats", "path": ["monitoring", "gpu_memory"], "values": [{"value": 0.6865234375, "step": null, "ts": 1657721391.8010774}]}, "version": 75}
{"obj": {"type": "LogFloats", "path": ["monitoring", "cpu"], "values": [{"value": 1.2, "step": null, "ts": 1657721401.804359}]}, "version": 76}
{"obj": {"type": "LogFloats", "path": ["monitoring", "memory"], "values": [{"value": 6.223133087158203, "step": null, "ts": 1657721401.804359}]}, "version": 77}
{"obj": {"type": "LogFloats", "path": ["monitoring", "gpu_memory"], "values": [{"value": 0.6783447265625, "step": null, "ts": 1657721401.804359}]}, "version": 78}
{"obj": {"type": "LogFloats", "path": ["monitoring", "cpu"], "values": [{"value": 1.5, "step": null, "ts": 1657721411.8063807}]}, "version": 79}
{"obj": {"type": "LogFloats", "path": ["monitoring", "memory"], "values": [{"value": 6.216548919677734, "step": null, "ts": 1657721411.8063807}]}, "version": 80}
{"obj": {"type": "LogFloats", "path": ["monitoring", "gpu"], "values": [{"value": 4.0, "step": null, "ts": 1657721411.8063807}]}, "version": 81}
{"obj": {"type": "LogFloats", "path": ["monitoring", "gpu_memory"], "values": [{"value": 0.672607421875, "step": null, "ts": 1657721411.8063807}]}, "version": 82}
{"obj": {"type": "LogFloats", "path": ["monitoring", "cpu"], "values": [{"value": 5.3, "step": null, "ts": 1657721421.809422}]}, "version": 83}
{"obj": {"type": "LogFloats", "path": ["monitoring", "memory"], "values": [{"value": 6.171989440917969, "step": null, "ts": 1657721421.809422}]}, "version": 84}
{"obj": {"type": "LogFloats", "path": ["monitoring", "gpu"], "values": [{"value": 24.0, "step": null, "ts": 1657721421.809422}]}, "version": 85}
{"obj": {"type": "LogFloats", "path": ["monitoring", "gpu_memory"], "values": [{"value": 0.7193603515625, "step": null, "ts": 1657721421.809422}]}, "version": 86}
{"obj": {"type": "LogFloats", "path": ["monitoring", "cpu"], "values": [{"value": 1.8, "step": null, "ts": 1657721431.8113036}]}, "version": 87}
{"obj": {"type": "LogFloats", "path": ["monitoring", "memory"], "values": [{"value": 6.1714019775390625, "step": null, "ts": 1657721431.8113036}]}, "version": 88}
{"obj": {"type": "LogFloats", "path": ["monitoring", "gpu_memory"], "values": [{"value": 0.6783447265625, "step": null, "ts": 1657721431.8113036}]}, "version": 89}
{"obj": {"type": "LogFloats", "path": ["monitoring", "cpu"], "values": [{"value": 1.3, "step": null, "ts": 1657721441.8137548}]}, "version": 90}
{"obj": {"type": "LogFloats", "path": ["monitoring", "memory"], "values": [{"value": 6.1708831787109375, "step": null, "ts": 1657721441.8137548}]}, "version": 91}
{"obj": {"type": "LogFloats", "path": ["monitoring", "gpu_memory"], "values": [{"value": 0.6783447265625, "step": null, "ts": 1657721441.8137548}]}, "version": 92}
{"obj": {"type": "LogFloats", "path": ["monitoring", "cpu"], "values": [{"value": 2.5, "step": null, "ts": 1657721451.8171859}]}, "version": 93}
{"obj": {"type": "LogFloats", "path": ["monitoring", "memory"], "values": [{"value": 6.166172027587891, "step": null, "ts": 1657721451.8171859}]}, "version": 94}
{"obj": {"type": "LogFloats", "path": ["monitoring", "gpu"], "values": [{"value": 4.0, "step": null, "ts": 1657721451.8171859}]}, "version": 95}
{"obj": {"type": "LogFloats", "path": ["monitoring", "gpu_memory"], "values": [{"value": 0.682373046875, "step": null, "ts": 1657721451.8171859}]}, "version": 96}
{"obj": {"type": "LogFloats", "path": ["monitoring", "cpu"], "values": [{"value": 1.5, "step": null, "ts": 1657721461.8186748}]}, "version": 97}
{"obj": {"type": "LogFloats", "path": ["monitoring", "memory"], "values": [{"value": 6.167064666748047, "step": null, "ts": 1657721461.8186748}]}, "version": 98}
{"obj": {"type": "LogFloats", "path": ["monitoring", "gpu_memory"], "values": [{"value": 0.669189453125, "step": null, "ts": 1657721461.8186748}]}, "version": 99}
{"obj": {"type": "LogStrings", "path": ["monitoring", "stdout"], "values": [{"value": "***", "step": null, "ts": 1657721463.4199202}]}, "version": 100}
{"obj": {"type": "LogStrings", "path": ["monitoring", "stdout"], "values": [{"value": " ", "step": null, "ts": 1657721463.4200919}]}, "version": 101}
{"obj": {"type": "LogStrings", "path": ["monitoring", "stdout"], "values": [{"value": "TypeError: Singleton array array(0.25) cannot be considered a valid collection.", "step": null, "ts": 1657721463.4201796}]}, "version": 102}
{"obj": {"type": "LogStrings", "path": ["monitoring", "stdout"], "values": [{"value": "\n", "step": null, "ts": 1657721463.4202905}]}, "version": 103}
{"obj": {"type": "LogFloats", "path": ["monitoring", "cpu"], "values": [{"value": 1.1, "step": null, "ts": 1657721471.8215897}]}, "version": 104}
{"obj": {"type": "LogFloats", "path": ["monitoring", "memory"], "values": [{"value": 6.172290802001953, "step": null, "ts": 1657721471.8215897}]}, "version": 105}
{"obj": {"type": "LogFloats", "path": ["monitoring", "gpu_memory"], "values": [{"value": 0.6634521484375, "step": null, "ts": 1657721471.8215897}]}, "version": 106}
{"obj": {"type": "LogFloats", "path": ["monitoring", "cpu"], "values": [{"value": 5.6, "step": null, "ts": 1657721481.8242335}]}, "version": 107}
{"obj": {"type": "LogFloats", "path": ["monitoring", "memory"], "values": [{"value": 6.323249816894531, "step": null, "ts": 1657721481.8242335}]}, "version": 108}
{"obj": {"type": "LogFloats", "path": ["monitoring", "gpu"], "values": [{"value": 17.0, "step": null, "ts": 1657721481.8242335}]}, "version": 109}
{"obj": {"type": "LogFloats", "path": ["monitoring", "gpu_memory"], "values": [{"value": 0.61322021484375, "step": null, "ts": 1657721481.8242335}]}, "version": 110}
{"obj": {"type": "LogFloats", "path": ["monitoring", "cpu"], "values": [{"value": 3.1, "step": null, "ts": 1657721491.8256886}]}, "version": 111}
{"obj": {"type": "LogFloats", "path": ["monitoring", "memory"], "values": [{"value": 6.228477478027344, "step": null, "ts": 1657721491.8256886}]}, "version": 112}
{"obj": {"type": "LogFloats", "path": ["monitoring", "gpu"], "values": [{"value": 3.0, "step": null, "ts": 1657721491.8256886}]}, "version": 113}
{"obj": {"type": "LogFloats", "path": ["monitoring", "gpu_memory"], "values": [{"value": 0.59954833984375, "step": null, "ts": 1657721491.8256886}]}, "version": 114}
{"obj": {"type": "LogFloats", "path": ["monitoring", "cpu"], "values": [{"value": 2.4, "step": null, "ts": 1657721501.8285205}]}, "version": 115}
{"obj": {"type": "LogFloats", "path": ["monitoring", "memory"], "values": [{"value": 6.232582092285156, "step": null, "ts": 1657721501.8285205}]}, "version": 116}
{"obj": {"type": "LogFloats", "path": ["monitoring", "gpu"], "values": [{"value": 1.0, "step": null, "ts": 1657721501.8285205}]}, "version": 117}
{"obj": {"type": "LogFloats", "path": ["monitoring", "gpu_memory"], "values": [{"value": 0.5802001953125, "step": null, "ts": 1657721501.8285205}]}, "version": 118}
{"obj": {"type": "LogFloats", "path": ["monitoring", "cpu"], "values": [{"value": 13.2, "step": null, "ts": 1657721511.855925}]}, "version": 119}
{"obj": {"type": "LogFloats", "path": ["monitoring", "memory"], "values": [{"value": 6.582477569580078, "step": null, "ts": 1657721511.855925}]}, "version": 120}
{"obj": {"type": "LogFloats", "path": ["monitoring", "gpu"], "values": [{"value": 4.0, "step": null, "ts": 1657721511.855925}]}, "version": 121}
{"obj": {"type": "LogFloats", "path": ["monitoring", "gpu_memory"], "values": [{"value": 0.5782470703125, "step": null, "ts": 1657721511.855925}]}, "version": 122}
{"obj": {"type": "LogFloats", "path": ["monitoring", "cpu"], "values": [{"value": 15.8, "step": null, "ts": 1657721521.872475}]}, "version": 123}
{"obj": {"type": "LogFloats", "path": ["monitoring", "memory"], "values": [{"value": 7.042850494384766, "step": null, "ts": 1657721521.872475}]}, "version": 124}
{"obj": {"type": "LogFloats", "path": ["monitoring", "gpu_memory"], "values": [{"value": 0.56536865234375, "step": null, "ts": 1657721521.872475}]}, "version": 125}
{"obj": {"type": "LogFloats", "path": ["monitoring", "cpu"], "values": [{"value": 16.9, "step": null, "ts": 1657721531.900038}]}, "version": 126}
{"obj": {"type": "LogFloats", "path": ["monitoring", "memory"], "values": [{"value": 7.4962615966796875, "step": null, "ts": 1657721531.900038}]}, "version": 127}
{"obj": {"type": "LogFloats", "path": ["monitoring", "gpu"], "values": [{"value": 20.0, "step": null, "ts": 1657721531.900038}]}, "version": 128}
{"obj": {"type": "LogFloats", "path": ["monitoring", "gpu_memory"], "values": [{"value": 0.55792236328125, "step": null, "ts": 1657721531.900038}]}, "version": 129}
{"obj": {"type": "LogFloats", "path": ["monitoring", "cpu"], "values": [{"value": 16.6, "step": null, "ts": 1657721541.9187267}]}, "version": 130}
{"obj": {"type": "LogFloats", "path": ["monitoring", "memory"], "values": [{"value": 7.929347991943359, "step": null, "ts": 1657721541.9187267}]}, "version": 131}
{"obj": {"type": "LogFloats", "path": ["monitoring", "gpu_memory"], "values": [{"value": 0.56103515625, "step": null, "ts": 1657721541.9187267}]}, "version": 132}
{"obj": {"type": "LogFloats", "path": ["monitoring", "cpu"], "values": [{"value": 17.0, "step": null, "ts": 1657721551.923241}]}, "version": 133}
{"obj": {"type": "LogFloats", "path": ["monitoring", "memory"], "values": [{"value": 8.357799530029297, "step": null, "ts": 1657721551.923241}]}, "version": 134}
{"obj": {"type": "LogFloats", "path": ["monitoring", "gpu_memory"], "values": [{"value": 0.5648193359375, "step": null, "ts": 1657721551.923241}]}, "version": 135}
{"obj": {"type": "LogFloats", "path": ["monitoring", "cpu"], "values": [{"value": 16.3, "step": null, "ts": 1657721561.9453003}]}, "version": 136}
{"obj": {"type": "LogFloats", "path": ["monitoring", "memory"], "values": [{"value": 8.81167221069336, "step": null, "ts": 1657721561.9453003}]}, "version": 137}
{"obj": {"type": "LogFloats", "path": ["monitoring", "gpu_memory"], "values": [{"value": 0.56103515625, "step": null, "ts": 1657721561.9453003}]}, "version": 138}
{"obj": {"type": "LogFloats", "path": ["monitoring", "cpu"], "values": [{"value": 16.4, "step": null, "ts": 1657721571.9553246}]}, "version": 139}
{"obj": {"type": "LogFloats", "path": ["monitoring", "memory"], "values": [{"value": 9.263477325439453, "step": null, "ts": 1657721571.9553246}]}, "version": 140}
{"obj": {"type": "LogFloats", "path": ["monitoring", "gpu_memory"], "values": [{"value": 0.568603515625, "step": null, "ts": 1657721571.9553246}]}, "version": 141}
{"obj": {"type": "LogFloats", "path": ["monitoring", "cpu"], "values": [{"value": 17.3, "step": null, "ts": 1657721581.9576054}]}, "version": 142}
{"obj": {"type": "LogFloats", "path": ["monitoring", "memory"], "values": [{"value": 9.72555923461914, "step": null, "ts": 1657721581.9576054}]}, "version": 143}
{"obj": {"type": "LogFloats", "path": ["monitoring", "gpu_memory"], "values": [{"value": 0.60357666015625, "step": null, "ts": 1657721581.9576054}]}, "version": 144}
{"obj": {"type": "LogFloats", "path": ["monitoring", "cpu"], "values": [{"value": 16.0, "step": null, "ts": 1657721591.958737}]}, "version": 145}
{"obj": {"type": "LogFloats", "path": ["monitoring", "memory"], "values": [{"value": 10.183807373046875, "step": null, "ts": 1657721591.958737}]}, "version": 146}
{"obj": {"type": "LogFloats", "path": ["monitoring", "gpu_memory"], "values": [{"value": 0.59130859375, "step": null, "ts": 1657721591.958737}]}, "version": 147}
{"obj": {"type": "LogFloats", "path": ["monitoring", "cpu"], "values": [{"value": 16.1, "step": null, "ts": 1657721602.0095024}]}, "version": 148}
{"obj": {"type": "LogFloats", "path": ["monitoring", "memory"], "values": [{"value": 10.634323120117188, "step": null, "ts": 1657721602.0095024}]}, "version": 149}
{"obj": {"type": "LogFloats", "path": ["monitoring", "gpu_memory"], "values": [{"value": 0.5804443359375, "step": null, "ts": 1657721602.0095024}]}, "version": 150}
{"obj": {"type": "LogFloats", "path": ["monitoring", "cpu"], "values": [{"value": 16.0, "step": null, "ts": 1657721612.030467}]}, "version": 151}
{"obj": {"type": "LogFloats", "path": ["monitoring", "memory"], "values": [{"value": 11.107906341552734, "step": null, "ts": 1657721612.030467}]}, "version": 152}
{"obj": {"type": "LogFloats", "path": ["monitoring", "gpu_memory"], "values": [{"value": 0.58062744140625, "step": null, "ts": 1657721612.030467}]}, "version": 153}
{"obj": {"type": "LogFloats", "path": ["monitoring", "cpu"], "values": [{"value": 16.2, "step": null, "ts": 1657721622.055353}]}, "version": 154}
{"obj": {"type": "LogFloats", "path": ["monitoring", "memory"], "values": [{"value": 11.554756164550781, "step": null, "ts": 1657721622.055353}]}, "version": 155}
{"obj": {"type": "LogFloats", "path": ["monitoring", "gpu_memory"], "values": [{"value": 0.58062744140625, "step": null, "ts": 1657721622.055353}]}, "version": 156}
{"obj": {"type": "LogFloats", "path": ["monitoring", "cpu"], "values": [{"value": 15.8, "step": null, "ts": 1657721632.0569396}]}, "version": 157}
{"obj": {"type": "LogFloats", "path": ["monitoring", "memory"], "values": [{"value": 12.005348205566406, "step": null, "ts": 1657721632.0569396}]}, "version": 158}
{"obj": {"type": "LogFloats", "path": ["monitoring", "gpu_memory"], "values": [{"value": 0.58062744140625, "step": null, "ts": 1657721632.0569396}]}, "version": 159}
{"obj": {"type": "LogFloats", "path": ["monitoring", "cpu"], "values": [{"value": 15.9, "step": null, "ts": 1657721642.0619342}]}, "version": 160}
{"obj": {"type": "LogFloats", "path": ["monitoring", "memory"], "values": [{"value": 12.469074249267578, "step": null, "ts": 1657721642.0619342}]}, "version": 161}
{"obj": {"type": "LogFloats", "path": ["monitoring", "gpu_memory"], "values": [{"value": 0.58062744140625, "step": null, "ts": 1657721642.0619342}]}, "version": 162}
{"obj": {"type": "LogFloats", "path": ["monitoring", "cpu"], "values": [{"value": 15.9, "step": null, "ts": 1657721652.0881526}]}, "version": 163}
{"obj": {"type": "LogFloats", "path": ["monitoring", "memory"], "values": [{"value": 12.92645263671875, "step": null, "ts": 1657721652.0881526}]}, "version": 164}
{"obj": {"type": "LogFloats", "path": ["monitoring", "gpu_memory"], "values": [{"value": 0.58062744140625, "step": null, "ts": 1657721652.0881526}]}, "version": 165}
{"obj": {"type": "LogFloats", "path": ["monitoring", "cpu"], "values": [{"value": 16.0, "step": null, "ts": 1657721662.1039443}]}, "version": 166}
{"obj": {"type": "LogFloats", "path": ["monitoring", "memory"], "values": [{"value": 13.321815490722656, "step": null, "ts": 1657721662.1039443}]}, "version": 167}
{"obj": {"type": "LogFloats", "path": ["monitoring", "gpu_memory"], "values": [{"value": 0.5643310546875, "step": null, "ts": 1657721662.1039443}]}, "version": 168}
{"obj": {"type": "LogFloats", "path": ["monitoring", "cpu"], "values": [{"value": 15.9, "step": null, "ts": 1657721672.1107216}]}, "version": 169}
{"obj": {"type": "LogFloats", "path": ["monitoring", "memory"], "values": [{"value": 13.78653335571289, "step": null, "ts": 1657721672.1107216}]}, "version": 170}
{"obj": {"type": "LogFloats", "path": ["monitoring", "gpu_memory"], "values": [{"value": 0.5643310546875, "step": null, "ts": 1657721672.1107216}]}, "version": 171}
{"obj": {"type": "LogFloats", "path": ["monitoring", "cpu"], "values": [{"value": 15.9, "step": null, "ts": 1657721682.1306386}]}, "version": 172}
{"obj": {"type": "LogFloats", "path": ["monitoring", "memory"], "values": [{"value": 14.242168426513672, "step": null, "ts": 1657721682.1306386}]}, "version": 173}
{"obj": {"type": "LogFloats", "path": ["monitoring", "gpu_memory"], "values": [{"value": 0.5643310546875, "step": null, "ts": 1657721682.1306386}]}, "version": 174}
{"obj": {"type": "LogFloats", "path": ["monitoring", "cpu"], "values": [{"value": 16.3, "step": null, "ts": 1657721692.1463532}]}, "version": 175}
{"obj": {"type": "LogFloats", "path": ["monitoring", "memory"], "values": [{"value": 14.706951141357422, "step": null, "ts": 1657721692.1463532}]}, "version": 176}
{"obj": {"type": "LogFloats", "path": ["monitoring", "gpu"], "values": [{"value": 2.0, "step": null, "ts": 1657721692.1463532}]}, "version": 177}
{"obj": {"type": "LogFloats", "path": ["monitoring", "gpu_memory"], "values": [{"value": 0.568115234375, "step": null, "ts": 1657721692.1463532}]}, "version": 178}
{"obj": {"type": "LogFloats", "path": ["monitoring", "cpu"], "values": [{"value": 16.2, "step": null, "ts": 1657721702.1658244}]}, "version": 179}
{"obj": {"type": "LogFloats", "path": ["monitoring", "memory"], "values": [{"value": 15.167743682861328, "step": null, "ts": 1657721702.1658244}]}, "version": 180}
{"obj": {"type": "LogFloats", "path": ["monitoring", "gpu_memory"], "values": [{"value": 0.5643310546875, "step": null, "ts": 1657721702.1658244}]}, "version": 181}
{"obj": {"type": "LogFloats", "path": ["monitoring", "cpu"], "values": [{"value": 16.2, "step": null, "ts": 1657721712.1854112}]}, "version": 182}
{"obj": {"type": "LogFloats", "path": ["monitoring", "memory"], "values": [{"value": 15.624923706054688, "step": null, "ts": 1657721712.1854112}]}, "version": 183}
{"obj": {"type": "LogFloats", "path": ["monitoring", "gpu"], "values": [{"value": 4.0, "step": null, "ts": 1657721712.1854112}]}, "version": 184}
{"obj": {"type": "LogFloats", "path": ["monitoring", "gpu_memory"], "values": [{"value": 0.5643310546875, "step": null, "ts": 1657721712.1854112}]}, "version": 185}
{"obj": {"type": "LogStrings", "path": ["monitoring", "stdout"], "values": [{"value": "***", "step": null, "ts": 1657721720.822169}]}, "version": 186}
{"obj": {"type": "LogStrings", "path": ["monitoring", "stdout"], "values": [{"value": " ", "step": null, "ts": 1657721720.8223226}]}, "version": 187}
{"obj": {"type": "LogStrings", "path": ["monitoring", "stdout"], "values": [{"value": "KeyboardInterrupt", "step": null, "ts": 1657721720.8224037}]}, "version": 188}
{"obj": {"type": "LogStrings", "path": ["monitoring", "stdout"], "values": [{"value": "\n", "step": null, "ts": 1657721720.8224988}]}, "version": 189}
{"obj": {"type": "LogFloats", "path": ["monitoring", "cpu"], "values": [{"value": 14.4, "step": null, "ts": 1657721722.2002945}]}, "version": 190}
{"obj": {"type": "LogFloats", "path": ["monitoring", "memory"], "values": [{"value": 16.011207580566406, "step": null, "ts": 1657721722.2002945}]}, "version": 191}
{"obj": {"type": "LogFloats", "path": ["monitoring", "gpu"], "values": [{"value": 18.0, "step": null, "ts": 1657721722.2002945}]}, "version": 192}
{"obj": {"type": "LogFloats", "path": ["monitoring", "gpu_memory"], "values": [{"value": 0.5643310546875, "step": null, "ts": 1657721722.2002945}]}, "version": 193}
{"obj": {"type": "LogStrings", "path": ["monitoring", "stdout"], "values": [{"value": "***", "step": null, "ts": 1657721722.7396574}]}, "version": 194}
{"obj": {"type": "LogStrings", "path": ["monitoring", "stdout"], "values": [{"value": " ", "step": null, "ts": 1657721722.7398024}]}, "version": 195}
{"obj": {"type": "LogStrings", "path": ["monitoring", "stdout"], "values": [{"value": "KeyboardInterrupt", "step": null, "ts": 1657721722.7398825}]}, "version": 196}
{"obj": {"type": "LogStrings", "path": ["monitoring", "stdout"], "values": [{"value": "\n", "step": null, "ts": 1657721722.7399697}]}, "version": 197}
{"obj": {"type": "LogStrings", "path": ["monitoring", "stdout"], "values": [{"value": "", "step": null, "ts": 1657721723.7249079}]}, "version": 198}
{"obj": {"type": "LogStrings", "path": ["monitoring", "stdout"], "values": [{"value": "\n", "step": null, "ts": 1657721723.7254062}]}, "version": 199}
{"obj": {"type": "LogStrings", "path": ["monitoring", "traceback"], "values": [{"value": "An uncaught exception occurred while run was active on worker ajay-MS-7850.", "step": null, "ts": 1657721723.7441704}, {"value": "Marking run as failed", "step": null, "ts": 1657721723.7441704}, {"value": "Traceback:", "step": null, "ts": 1657721723.7441704}, {"value": "  File \"peat_trainer.py\", line 28, in <module>\n    train_dataloader = DataLoader(train_dataset, batch_size=16, shuffle=True, num_workers=8, drop_last=True)\n", "step": null, "ts": 1657721723.7441704}, {"value": "  File \"peat_trainer.py\", line 28, in <module>\n    train_dataloader = DataLoader(train_dataset, batch_size=16, shuffle=True, num_workers=8, drop_last=True)\n", "step": null, "ts": 1657721723.7441704}, {"value": "  File \"/usr/lib/python3.8/bdb.py\", line 88, in trace_dispatch\n    return self.dispatch_line(frame)\n", "step": null, "ts": 1657721723.7441704}, {"value": "  File \"/usr/lib/python3.8/bdb.py\", line 113, in dispatch_line\n    if self.quitting: raise BdbQuit\n", "step": null, "ts": 1657721723.7441704}, {"value": "", "step": null, "ts": 1657721723.7441704}]}, "version": 200}
{"obj": {"type": "AssignBool", "path": ["sys", "failed"], "value": true}, "version": 201}
{"obj": {"type": "LogStrings", "path": ["monitoring", "stderr"], "values": [{"value": "Traceback (most recent call last):\n", "step": null, "ts": 1657721723.7587233}]}, "version": 202}
{"obj": {"type": "LogStrings", "path": ["monitoring", "stderr"], "values": [{"value": "  File \"peat_trainer.py\", line 28, in <module>\n", "step": null, "ts": 1657721723.7589505}]}, "version": 203}
{"obj": {"type": "LogStrings", "path": ["monitoring", "stderr"], "values": [{"value": "    ", "step": null, "ts": 1657721723.7591112}]}, "version": 204}
{"obj": {"type": "LogStrings", "path": ["monitoring", "stderr"], "values": [{"value": "train_dataloader = DataLoader(train_dataset, batch_size=16, shuffle=True, num_workers=8, drop_last=True)", "step": null, "ts": 1657721723.7592049}]}, "version": 205}
{"obj": {"type": "LogStrings", "path": ["monitoring", "stderr"], "values": [{"value": "\n", "step": null, "ts": 1657721723.759308}]}, "version": 206}
{"obj": {"type": "LogStrings", "path": ["monitoring", "stderr"], "values": [{"value": "  File \"peat_trainer.py\", line 28, in <module>\n", "step": null, "ts": 1657721723.7594178}]}, "version": 207}
{"obj": {"type": "LogStrings", "path": ["monitoring", "stderr"], "values": [{"value": "    ", "step": null, "ts": 1657721723.7595532}]}, "version": 208}
{"obj": {"type": "LogStrings", "path": ["monitoring", "stderr"], "values": [{"value": "train_dataloader = DataLoader(train_dataset, batch_size=16, shuffle=True, num_workers=8, drop_last=True)", "step": null, "ts": 1657721723.7596364}]}, "version": 209}
{"obj": {"type": "LogStrings", "path": ["monitoring", "stderr"], "values": [{"value": "\n", "step": null, "ts": 1657721723.75973}]}, "version": 210}
{"obj": {"type": "LogStrings", "path": ["monitoring", "stderr"], "values": [{"value": "  File \"/usr/lib/python3.8/bdb.py\", line 88, in trace_dispatch\n", "step": null, "ts": 1657721723.7598362}]}, "version": 211}
{"obj": {"type": "LogStrings", "path": ["monitoring", "stderr"], "values": [{"value": "    ", "step": null, "ts": 1657721723.7599819}]}, "version": 212}
{"obj": {"type": "LogStrings", "path": ["monitoring", "stderr"], "values": [{"value": "return self.dispatch_line(frame)", "step": null, "ts": 1657721723.7600656}]}, "version": 213}
{"obj": {"type": "LogStrings", "path": ["monitoring", "stderr"], "values": [{"value": "\n", "step": null, "ts": 1657721723.760159}]}, "version": 214}
{"obj": {"type": "LogStrings", "path": ["monitoring", "stderr"], "values": [{"value": "  File \"/usr/lib/python3.8/bdb.py\", line 113, in dispatch_line\n", "step": null, "ts": 1657721723.7602632}]}, "version": 215}
{"obj": {"type": "LogStrings", "path": ["monitoring", "stderr"], "values": [{"value": "    ", "step": null, "ts": 1657721723.7604084}]}, "version": 216}
{"obj": {"type": "LogStrings", "path": ["monitoring", "stderr"], "values": [{"value": "if self.quitting: raise BdbQuit", "step": null, "ts": 1657721723.760491}]}, "version": 217}
{"obj": {"type": "LogStrings", "path": ["monitoring", "stderr"], "values": [{"value": "\n", "step": null, "ts": 1657721723.7605824}]}, "version": 218}
{"obj": {"type": "LogStrings", "path": ["monitoring", "stderr"], "values": [{"value": "bdb", "step": null, "ts": 1657721723.7606735}]}, "version": 219}
{"obj": {"type": "LogStrings", "path": ["monitoring", "stderr"], "values": [{"value": ".", "step": null, "ts": 1657721723.7607741}]}, "version": 220}
{"obj": {"type": "LogStrings", "path": ["monitoring", "stderr"], "values": [{"value": "BdbQuit", "step": null, "ts": 1657721723.760854}]}, "version": 221}
{"obj": {"type": "LogStrings", "path": ["monitoring", "stderr"], "values": [{"value": "", "step": null, "ts": 1657721723.7609208}]}, "version": 222}
{"obj": {"type": "LogStrings", "path": ["monitoring", "stderr"], "values": [{"value": "\n", "step": null, "ts": 1657721723.7609994}]}, "version": 223}
{"obj": {"type": "LogStrings", "path": ["monitoring", "stdout"], "values": [{"value": "Shutting down background jobs, please wait a moment...\n", "step": null, "ts": 1657721723.7611697}]}, "version": 224}
